\BOOKMARK [1][-]{section.1}{\376\377\000I\000n\000t\000r\000o\000d\000u\000c\000t\000i\000o\000n}{}% 1
\BOOKMARK [1][-]{section.2}{\376\377\000C\000o\000r\000e\000W\000a\000r}{}% 2
\BOOKMARK [2][-]{subsection.2.1}{\376\377\000R\000e\000t\000o\000u\000r\000\040\000s\000u\000r\000\040\000l\000e\000\040\000j\000e\000u}{section.2}% 3
\BOOKMARK [3][-]{subsubsection.2.1.1}{\376\377\000G\000a\000m\000e\000P\000l\000a\000y}{subsection.2.1}% 4
\BOOKMARK [3][-]{subsubsection.2.1.2}{\376\377\000L\000e\000s\000\040\000p\000r\000i\000n\000c\000i\000p\000e\000s\000\040\000f\000o\000n\000d\000a\000m\000e\000n\000t\000a\000l\000e\000s}{subsection.2.1}% 5
\BOOKMARK [2][-]{subsection.2.2}{\376\377\000R\000e\000d\000C\000o\000d\000e}{section.2}% 6
\BOOKMARK [3][-]{subsubsection.2.2.1}{\376\377\000S\000t\000r\000u\000c\000t\000u\000r\000e\000\040\000d\000'\000u\000n\000e\000\040\000O\000p\000\351\000r\000a\000t\000i\000o\000n}{subsection.2.2}% 7
\BOOKMARK [2][-]{subsection.2.3}{\376\377\000L\000e\000s\000\040\000d\000i\000f\000f\000\351\000r\000e\000n\000t\000e\000s\000\040\000v\000e\000r\000s\000i\000o\000n\000s}{section.2}% 8
\BOOKMARK [1][-]{section.3}{\376\377\000A\000n\000a\000l\000y\000s\000e\000\040\000e\000t\000\040\000P\000l\000a\000n\000i\000f\000i\000c\000a\000t\000i\000o\000n\000\040\000d\000u\000\040\000p\000r\000o\000j\000e\000t}{}% 9
\BOOKMARK [2][-]{subsection.3.1}{\376\377\000L\000e\000s\000\040\000o\000b\000j\000e\000c\000t\000i\000f\000s\000\040\000d\000e\000\040\000c\000o\000n\000c\000e\000p\000t\000i\000o\000n}{section.3}% 10
\BOOKMARK [2][-]{subsection.3.2}{\376\377\000L\000'\000a\000r\000c\000h\000i\000t\000e\000c\000t\000u\000r\000e\000\040\000d\000u\000\040\000p\000r\000o\000j\000e\000t}{section.3}% 11
\BOOKMARK [2][-]{subsection.3.3}{\376\377\000R\000\351\000p\000a\000r\000t\000i\000t\000i\000o\000n\000\040\000d\000e\000s\000\040\000t\000\342\000c\000h\000e\000s}{section.3}% 12
\BOOKMARK [1][-]{section.4}{\376\377\000C\000o\000n\000c\000e\000p\000t\000i\000o\000n\000\040\000d\000u\000\040\000l\000o\000g\000i\000c\000i\000e\000l}{}% 13
\BOOKMARK [2][-]{subsection.4.1}{\376\377\000L\000e\000\040\000c\000h\000o\000i\000x\000\040\000d\000u\000\040\000p\000a\000t\000t\000e\000r\000n}{section.4}% 14
\BOOKMARK [2][-]{subsection.4.2}{\376\377\000L\000e\000\040\000m\000o\000d\000\350\000l\000e\000\040\000d\000u\000\040\000j\000e\000u}{section.4}% 15
\BOOKMARK [2][-]{subsection.4.3}{\376\377\000L\000e\000\040\000c\000o\000n\000t\000r\000\364\000l\000e\000\040\000d\000u\000\040\000j\000e\000u}{section.4}% 16
\BOOKMARK [2][-]{subsection.4.4}{\376\377\000I\000n\000t\000e\000r\000f\000a\000c\000e\000\040\000G\000r\000a\000p\000h\000i\000q\000u\000e}{section.4}% 17
\BOOKMARK [2][-]{subsection.4.5}{\376\377\000L\000a\000\040\000g\000\351\000n\000\351\000t\000i\000q\000u\000e}{section.4}% 18
\BOOKMARK [1][-]{section.5}{\376\377\000P\000o\000i\000n\000t\000s\000\040\000t\000e\000c\000h\000n\000i\000q\000u\000e\000s}{}% 19
\BOOKMARK [2][-]{subsection.5.1}{\376\377\000L\000e\000c\000t\000u\000r\000e\000\040\000e\000t\000\040\000I\000n\000t\000e\000r\000p\000r\000\351\000t\000a\000t\000i\000o\000n\000\040\000d\000e\000s\000\040\000f\000i\000c\000h\000i\000e\000r\000s}{section.5}% 20
\BOOKMARK [2][-]{subsection.5.2}{\376\377\000L\000o\000g\000i\000q\000u\000e\000\040\000d\000e\000\040\000l\000'\000I\000n\000t\000e\000r\000p\000r\000\351\000t\000e\000u\000r\000\040\000d\000u\000\040\000M\000A\000R\000S}{section.5}% 21
\BOOKMARK [2][-]{subsection.5.3}{\376\377\000A\000l\000g\000o\000r\000i\000t\000h\000m\000\040\000G\000\351\000n\000\351\000t\000i\000q\000u\000e\000:\000\040\000L\000e\000s\000\040\000p\000r\000i\000n\000c\000i\000p\000e\000s\000\040\000d\000e\000\040\000b\000a\000s\000e\000s}{section.5}% 22
\BOOKMARK [1][-]{section.6}{\376\377\000E\000x\000p\000\351\000r\000i\000m\000e\000n\000t\000a\000t\000i\000o\000n\000s\000\040\000s\000u\000r\000\040\000l\000'\000a\000l\000g\000o\000r\000i\000t\000h\000m\000\040\000G\000\351\000n\000\351\000t\000i\000q\000u\000e}{}% 23
\BOOKMARK [1][-]{section.7}{\376\377\000\311\000t\000a\000t\000\040\000d\000'\000a\000v\000a\000n\000c\000e\000m\000e\000n\000t\000\040\000d\000u\000\040\000p\000r\000o\000j\000e\000t}{}% 24
\BOOKMARK [2][-]{subsection.7.1}{\376\377\000U\000n\000\040\000p\000o\000i\000n\000t\000\040\000s\000u\000r\000\040\000l\000e\000s\000\040\000o\000b\000j\000e\000c\000t\000i\000f\000s}{section.7}% 25
\BOOKMARK [2][-]{subsection.7.2}{\376\377\000L\000e\000s\000\040\000d\000i\000f\000f\000i\000c\000u\000l\000t\000\351\000s\000\040\000r\000e\000n\000c\000o\000n\000t\000r\000\351\000s}{section.7}% 26
\BOOKMARK [2][-]{subsection.7.3}{\376\377\000L\000e\000s\000\040\000a\000m\000\351\000l\000i\000o\000r\000a\000t\000i\000o\000n\000s\000\040\000p\000o\000s\000s\000i\000b\000l\000e\000s}{section.7}% 27
\BOOKMARK [1][-]{section.8}{\376\377\000C\000o\000n\000c\000l\000u\000s\000i\000o\000n}{}% 28
